[blog-api]2020/08/08 - 12:33:30.050 /Users/wangzhongjie/Desktop/Code/blog/blog-api/server/initialize/mysql.go:14 ▶ [ERROR] MySQL启动异常 Error 1049: Unknown database 'qmplus'
[blog-api]2020/08/08 - 12:34:28.036 /Users/wangzhongjie/Desktop/Code/blog/blog-api/server/initialize/db_table.go:26 ▶ [DEBUG] register table success
[GIN-debug] [WARNING] Creating an Engine instance with the Logger and Recovery middleware already attached.

[GIN-debug] [WARNING] Running in "debug" mode. Switch to "release" mode in production.
 - using env:	export GIN_MODE=release
 - using code:	gin.SetMode(gin.ReleaseMode)

[blog-api]2020/08/08 - 12:34:28.037 /Users/wangzhongjie/Desktop/Code/blog/blog-api/server/initialize/router.go:18 ▶ [DEBUG] use middleware logger
[blog-api]2020/08/08 - 12:34:28.037 /Users/wangzhongjie/Desktop/Code/blog/blog-api/server/initialize/router.go:21 ▶ [DEBUG] use middleware cors
[GIN-debug] GET    /swagger/*any             --> github.com/swaggo/gin-swagger.CustomWrapHandler.func1 (4 handlers)
[blog-api]2020/08/08 - 12:34:28.037 /Users/wangzhongjie/Desktop/Code/blog/blog-api/server/initialize/router.go:23 ▶ [DEBUG] register swagger handler
[GIN-debug] POST   /user/changePassword      --> blog-api/api/v1.ChangePassword (7 handlers)
[GIN-debug] POST   /user/uploadHeaderImg     --> blog-api/api/v1.UploadHeaderImg (7 handlers)
[GIN-debug] POST   /user/getUserList         --> blog-api/api/v1.GetUserList (7 handlers)
[GIN-debug] POST   /user/setUserAuthority    --> blog-api/api/v1.SetUserAuthority (7 handlers)
[GIN-debug] DELETE /user/deleteUser          --> blog-api/api/v1.DeleteUser (7 handlers)
[GIN-debug] POST   /base/register            --> blog-api/api/v1.Register (4 handlers)
[GIN-debug] POST   /base/login               --> blog-api/api/v1.Login (4 handlers)
[GIN-debug] POST   /base/captcha             --> blog-api/api/v1.Captcha (4 handlers)
[GIN-debug] POST   /menu/getMenu             --> blog-api/api/v1.GetMenu (6 handlers)
[GIN-debug] POST   /menu/getMenuList         --> blog-api/api/v1.GetMenuList (6 handlers)
[GIN-debug] POST   /menu/addBaseMenu         --> blog-api/api/v1.AddBaseMenu (6 handlers)
[GIN-debug] POST   /menu/getBaseMenuTree     --> blog-api/api/v1.GetBaseMenuTree (6 handlers)
[GIN-debug] POST   /menu/addMenuAuthority    --> blog-api/api/v1.AddMenuAuthority (6 handlers)
[GIN-debug] POST   /menu/getMenuAuthority    --> blog-api/api/v1.GetMenuAuthority (6 handlers)
[GIN-debug] POST   /menu/deleteBaseMenu      --> blog-api/api/v1.DeleteBaseMenu (6 handlers)
[GIN-debug] POST   /menu/updateBaseMenu      --> blog-api/api/v1.UpdateBaseMenu (6 handlers)
[GIN-debug] POST   /menu/getBaseMenuById     --> blog-api/api/v1.GetBaseMenuById (6 handlers)
[GIN-debug] POST   /authority/createAuthority --> blog-api/api/v1.CreateAuthority (7 handlers)
[GIN-debug] POST   /authority/deleteAuthority --> blog-api/api/v1.DeleteAuthority (7 handlers)
[GIN-debug] PUT    /authority/updateAuthority --> blog-api/api/v1.UpdateAuthority (7 handlers)
[GIN-debug] POST   /authority/copyAuthority  --> blog-api/api/v1.CopyAuthority (7 handlers)
[GIN-debug] POST   /authority/getAuthorityList --> blog-api/api/v1.GetAuthorityList (7 handlers)
[GIN-debug] POST   /authority/setDataAuthority --> blog-api/api/v1.SetDataAuthority (7 handlers)
[GIN-debug] POST   /api/createApi            --> blog-api/api/v1.CreateApi (6 handlers)
[GIN-debug] POST   /api/deleteApi            --> blog-api/api/v1.DeleteApi (6 handlers)
[GIN-debug] POST   /api/getApiList           --> blog-api/api/v1.GetApiList (6 handlers)
[GIN-debug] POST   /api/getApiById           --> blog-api/api/v1.GetApiById (6 handlers)
[GIN-debug] POST   /api/updateApi            --> blog-api/api/v1.UpdateApi (6 handlers)
[GIN-debug] POST   /api/getAllApis           --> blog-api/api/v1.GetAllApis (6 handlers)
[GIN-debug] POST   /fileUploadAndDownload/upload --> blog-api/api/v1.UploadFile (4 handlers)
[GIN-debug] POST   /fileUploadAndDownload/getFileList --> blog-api/api/v1.GetFileList (4 handlers)
[GIN-debug] POST   /fileUploadAndDownload/deleteFile --> blog-api/api/v1.DeleteFile (4 handlers)
[GIN-debug] POST   /fileUploadAndDownload/breakpointContinue --> blog-api/api/v1.BreakpointContinue (4 handlers)
[GIN-debug] GET    /fileUploadAndDownload/findFile --> blog-api/api/v1.FindFile (4 handlers)
[GIN-debug] POST   /fileUploadAndDownload/breakpointContinueFinish --> blog-api/api/v1.BreakpointContinueFinish (4 handlers)
[GIN-debug] POST   /fileUploadAndDownload/removeChunk --> blog-api/api/v1.RemoveChunk (4 handlers)
[GIN-debug] POST   /workflow/createWorkFlow  --> blog-api/api/v1.CreateWorkFlow (6 handlers)
[GIN-debug] POST   /casbin/updateCasbin      --> blog-api/api/v1.UpdateCasbin (7 handlers)
[GIN-debug] POST   /casbin/getPolicyPathByAuthorityId --> blog-api/api/v1.GetPolicyPathByAuthorityId (7 handlers)
[GIN-debug] GET    /casbin/casbinTest/:pathParam --> blog-api/api/v1.CasbinTest (7 handlers)
[GIN-debug] POST   /jwt/jsonInBlacklist      --> blog-api/api/v1.JsonInBlacklist (6 handlers)
[GIN-debug] POST   /system/getSystemConfig   --> blog-api/api/v1.GetSystemConfig (6 handlers)
[GIN-debug] POST   /system/setSystemConfig   --> blog-api/api/v1.SetSystemConfig (6 handlers)
[GIN-debug] POST   /customer/customer        --> blog-api/api/v1.CreateExaCustomer (7 handlers)
[GIN-debug] PUT    /customer/customer        --> blog-api/api/v1.UpdateExaCustomer (7 handlers)
[GIN-debug] DELETE /customer/customer        --> blog-api/api/v1.DeleteExaCustomer (7 handlers)
[GIN-debug] GET    /customer/customer        --> blog-api/api/v1.GetExaCustomer (7 handlers)
[GIN-debug] GET    /customer/customerList    --> blog-api/api/v1.GetExaCustomerList (7 handlers)
[GIN-debug] POST   /autoCode/createTemp      --> blog-api/api/v1.CreateTemp (7 handlers)
[GIN-debug] GET    /autoCode/getTables       --> blog-api/api/v1.GetTables (7 handlers)
[GIN-debug] GET    /autoCode/getDB           --> blog-api/api/v1.GetDB (7 handlers)
[GIN-debug] GET    /autoCode/getColume       --> blog-api/api/v1.GetColume (7 handlers)
[GIN-debug] POST   /sysDictionaryDetail/createSysDictionaryDetail --> blog-api/api/v1.CreateSysDictionaryDetail (7 handlers)
[GIN-debug] DELETE /sysDictionaryDetail/deleteSysDictionaryDetail --> blog-api/api/v1.DeleteSysDictionaryDetail (7 handlers)
[GIN-debug] PUT    /sysDictionaryDetail/updateSysDictionaryDetail --> blog-api/api/v1.UpdateSysDictionaryDetail (7 handlers)
[GIN-debug] GET    /sysDictionaryDetail/findSysDictionaryDetail --> blog-api/api/v1.FindSysDictionaryDetail (7 handlers)
[GIN-debug] GET    /sysDictionaryDetail/getSysDictionaryDetailList --> blog-api/api/v1.GetSysDictionaryDetailList (7 handlers)
[GIN-debug] POST   /sysDictionary/createSysDictionary --> blog-api/api/v1.CreateSysDictionary (7 handlers)
[GIN-debug] DELETE /sysDictionary/deleteSysDictionary --> blog-api/api/v1.DeleteSysDictionary (7 handlers)
[GIN-debug] PUT    /sysDictionary/updateSysDictionary --> blog-api/api/v1.UpdateSysDictionary (7 handlers)
[GIN-debug] GET    /sysDictionary/findSysDictionary --> blog-api/api/v1.FindSysDictionary (7 handlers)
[GIN-debug] GET    /sysDictionary/getSysDictionaryList --> blog-api/api/v1.GetSysDictionaryList (7 handlers)
[GIN-debug] POST   /sysOperationRecord/createSysOperationRecord --> blog-api/api/v1.CreateSysOperationRecord (6 handlers)
[GIN-debug] DELETE /sysOperationRecord/deleteSysOperationRecord --> blog-api/api/v1.DeleteSysOperationRecord (6 handlers)
[GIN-debug] DELETE /sysOperationRecord/deleteSysOperationRecordByIds --> blog-api/api/v1.DeleteSysOperationRecordByIds (6 handlers)
[GIN-debug] PUT    /sysOperationRecord/updateSysOperationRecord --> blog-api/api/v1.UpdateSysOperationRecord (6 handlers)
[GIN-debug] GET    /sysOperationRecord/findSysOperationRecord --> blog-api/api/v1.FindSysOperationRecord (6 handlers)
[GIN-debug] GET    /sysOperationRecord/getSysOperationRecordList --> blog-api/api/v1.GetSysOperationRecordList (6 handlers)
[blog-api]2020/08/08 - 12:34:28.071 /Users/wangzhongjie/Desktop/Code/blog/blog-api/server/initialize/router.go:41 ▶ [INFO] router register success
[GIN-debug] GET    /form-generator/*filepath --> github.com/gin-gonic/gin.(*RouterGroup).createStaticHandler.func1 (4 handlers)
[GIN-debug] HEAD   /form-generator/*filepath --> github.com/gin-gonic/gin.(*RouterGroup).createStaticHandler.func1 (4 handlers)
[blog-api]2020/08/08 - 12:34:28.071 /Users/wangzhongjie/Desktop/Code/blog/blog-api/server/core/server.go:30 ▶ [DEBUG] server run success on  :8888
[GIN] 2020/08/08 - 12:34:42 | 200 |     318.847µs |       127.0.0.1 | GET      "/swagger/index.html"
[GIN] 2020/08/08 - 12:34:43 | 200 |     167.522µs |       127.0.0.1 | GET      "/swagger/swagger-ui.css"
[GIN] 2020/08/08 - 12:34:43 | 200 |       470.3µs |       127.0.0.1 | GET      "/swagger/swagger-ui-standalone-preset.js"
[GIN] 2020/08/08 - 12:34:43 | 200 |   46.585184ms |       127.0.0.1 | GET      "/swagger/swagger-ui-bundle.js"
[GIN] 2020/08/08 - 12:34:44 | 200 |    1.363675ms |       127.0.0.1 | GET      "/swagger/doc.json"
[GIN] 2020/08/08 - 12:34:44 | 200 |    7.236104ms |       127.0.0.1 | GET      "/swagger/favicon-32x32.png"
[GIN] 2020/08/08 - 12:57:06 | 200 |     246.077µs |       127.0.0.1 | POST     "/base/register"
[GIN] 2020/08/08 - 12:58:15 | 200 |      81.004µs |       127.0.0.1 | POST     "/base/register"
[GIN] 2020/08/08 - 13:00:00 | 200 |      57.314µs |             ::1 | POST     "/base/register"
[GIN] 2020/08/08 - 13:00:29 | 200 |      59.439µs |             ::1 | POST     "/base/register"
[GIN] 2020/08/08 - 13:00:47 | 200 |      52.334µs |             ::1 | POST     "/base/register"
[GIN] 2020/08/08 - 13:00:48 | 200 |      57.116µs |             ::1 | POST     "/base/register"
[GIN] 2020/08/08 - 13:01:04 | 200 |       52.56µs |             ::1 | POST     "/base/register"
[GIN] 2020/08/08 - 13:01:17 | 200 |      44.697µs |             ::1 | POST     "/base/register"
[GIN] 2020/08/08 - 13:01:21 | 200 |   16.577701ms |             ::1 | POST     "/base/register"
[GIN] 2020/08/08 - 13:03:18 | 200 |     3.99084ms |             ::1 | POST     "/base/register"
[GIN] 2020/08/08 - 13:03:35 | 200 |    3.782095ms |             ::1 | POST     "/base/register"
