[GIN-VUE-ADMIN]2020/08/26 - 08:56:04.957 D:/code/github/blog/Kyara/server/initialize/db_table.go:27 ▶ [DEBUG] 注册成功!
[GIN-debug] [WARNING] Creating an Engine instance with the Logger and Recovery middleware already attached.

[GIN-debug] [WARNING] Running in "debug" mode. Switch to "release" mode in production.
 - using env:	export GIN_MODE=release
 - using code:	gin.SetMode(gin.ReleaseMode)

[GIN-VUE-ADMIN]2020/08/26 - 08:56:04.961 D:/code/github/blog/Kyara/server/initialize/router.go:18 ▶ [DEBUG] use middleware logger
[GIN-VUE-ADMIN]2020/08/26 - 08:56:04.961 D:/code/github/blog/Kyara/server/initialize/router.go:21 ▶ [DEBUG] use middleware cors
[GIN-debug] GET    /swagger/*any             --> github.com/swaggo/gin-swagger.CustomWrapHandler.func1 (4 handlers)
[GIN-VUE-ADMIN]2020/08/26 - 08:56:04.961 D:/code/github/blog/Kyara/server/initialize/router.go:23 ▶ [DEBUG] register swagger handler
[GIN-debug] POST   /user/changePassword      --> gin-vue-admin/api/v1.ChangePassword (7 handlers)
[GIN-debug] POST   /user/uploadHeaderImg     --> gin-vue-admin/api/v1.UploadHeaderImg (7 handlers)
[GIN-debug] POST   /user/getUserList         --> gin-vue-admin/api/v1.GetUserList (7 handlers)
[GIN-debug] POST   /user/setUserAuthority    --> gin-vue-admin/api/v1.SetUserAuthority (7 handlers)
[GIN-debug] DELETE /user/deleteUser          --> gin-vue-admin/api/v1.DeleteUser (7 handlers)
[GIN-debug] POST   /base/register            --> gin-vue-admin/api/v1.Register (4 handlers)
[GIN-debug] POST   /base/login               --> gin-vue-admin/api/v1.Login (4 handlers)
[GIN-debug] POST   /base/captcha             --> gin-vue-admin/api/v1.Captcha (4 handlers)
[GIN-debug] POST   /menu/getMenu             --> gin-vue-admin/api/v1.GetMenu (6 handlers)
[GIN-debug] POST   /menu/getMenuList         --> gin-vue-admin/api/v1.GetMenuList (6 handlers)
[GIN-debug] POST   /menu/addBaseMenu         --> gin-vue-admin/api/v1.AddBaseMenu (6 handlers)
[GIN-debug] POST   /menu/getBaseMenuTree     --> gin-vue-admin/api/v1.GetBaseMenuTree (6 handlers)
[GIN-debug] POST   /menu/addMenuAuthority    --> gin-vue-admin/api/v1.AddMenuAuthority (6 handlers)
[GIN-debug] POST   /menu/getMenuAuthority    --> gin-vue-admin/api/v1.GetMenuAuthority (6 handlers)
[GIN-debug] POST   /menu/deleteBaseMenu      --> gin-vue-admin/api/v1.DeleteBaseMenu (6 handlers)
[GIN-debug] POST   /menu/updateBaseMenu      --> gin-vue-admin/api/v1.UpdateBaseMenu (6 handlers)
[GIN-debug] POST   /menu/getBaseMenuById     --> gin-vue-admin/api/v1.GetBaseMenuById (6 handlers)
[GIN-debug] POST   /authority/createAuthority --> gin-vue-admin/api/v1.CreateAuthority (7 handlers)
[GIN-debug] POST   /authority/deleteAuthority --> gin-vue-admin/api/v1.DeleteAuthority (7 handlers)
[GIN-debug] PUT    /authority/updateAuthority --> gin-vue-admin/api/v1.UpdateAuthority (7 handlers)
[GIN-debug] POST   /authority/copyAuthority  --> gin-vue-admin/api/v1.CopyAuthority (7 handlers)
[GIN-debug] POST   /authority/getAuthorityList --> gin-vue-admin/api/v1.GetAuthorityList (7 handlers)
[GIN-debug] POST   /authority/setDataAuthority --> gin-vue-admin/api/v1.SetDataAuthority (7 handlers)
[GIN-debug] POST   /api/createApi            --> gin-vue-admin/api/v1.CreateApi (6 handlers)
[GIN-debug] POST   /api/deleteApi            --> gin-vue-admin/api/v1.DeleteApi (6 handlers)
[GIN-debug] POST   /api/getApiList           --> gin-vue-admin/api/v1.GetApiList (6 handlers)
[GIN-debug] POST   /api/getApiById           --> gin-vue-admin/api/v1.GetApiById (6 handlers)
[GIN-debug] POST   /api/updateApi            --> gin-vue-admin/api/v1.UpdateApi (6 handlers)
[GIN-debug] POST   /api/getAllApis           --> gin-vue-admin/api/v1.GetAllApis (6 handlers)
[GIN-debug] POST   /fileUploadAndDownload/upload --> gin-vue-admin/api/v1.UploadFile (4 handlers)
[GIN-debug] POST   /fileUploadAndDownload/getFileList --> gin-vue-admin/api/v1.GetFileList (4 handlers)
[GIN-debug] POST   /fileUploadAndDownload/deleteFile --> gin-vue-admin/api/v1.DeleteFile (4 handlers)
[GIN-debug] POST   /fileUploadAndDownload/breakpointContinue --> gin-vue-admin/api/v1.BreakpointContinue (4 handlers)
[GIN-debug] GET    /fileUploadAndDownload/findFile --> gin-vue-admin/api/v1.FindFile (4 handlers)
[GIN-debug] POST   /fileUploadAndDownload/breakpointContinueFinish --> gin-vue-admin/api/v1.BreakpointContinueFinish (4 handlers)
[GIN-debug] POST   /fileUploadAndDownload/removeChunk --> gin-vue-admin/api/v1.RemoveChunk (4 handlers)
[GIN-debug] POST   /workflow/createWorkFlow  --> gin-vue-admin/api/v1.CreateWorkFlow (6 handlers)
[GIN-debug] POST   /casbin/updateCasbin      --> gin-vue-admin/api/v1.UpdateCasbin (7 handlers)
[GIN-debug] POST   /casbin/getPolicyPathByAuthorityId --> gin-vue-admin/api/v1.GetPolicyPathByAuthorityId (7 handlers)
[GIN-debug] GET    /casbin/casbinTest/:pathParam --> gin-vue-admin/api/v1.CasbinTest (7 handlers)
[GIN-debug] POST   /jwt/jsonInBlacklist      --> gin-vue-admin/api/v1.JsonInBlacklist (6 handlers)
[GIN-debug] POST   /system/getSystemConfig   --> gin-vue-admin/api/v1.GetSystemConfig (6 handlers)
[GIN-debug] POST   /system/setSystemConfig   --> gin-vue-admin/api/v1.SetSystemConfig (6 handlers)
[GIN-debug] POST   /customer/customer        --> gin-vue-admin/api/v1.CreateExaCustomer (7 handlers)
[GIN-debug] PUT    /customer/customer        --> gin-vue-admin/api/v1.UpdateExaCustomer (7 handlers)
[GIN-debug] DELETE /customer/customer        --> gin-vue-admin/api/v1.DeleteExaCustomer (7 handlers)
[GIN-debug] GET    /customer/customer        --> gin-vue-admin/api/v1.GetExaCustomer (7 handlers)
[GIN-debug] GET    /customer/customerList    --> gin-vue-admin/api/v1.GetExaCustomerList (7 handlers)
[GIN-debug] POST   /autoCode/createTemp      --> gin-vue-admin/api/v1.CreateTemp (7 handlers)
[GIN-debug] GET    /autoCode/getTables       --> gin-vue-admin/api/v1.GetTables (7 handlers)
[GIN-debug] GET    /autoCode/getDB           --> gin-vue-admin/api/v1.GetDB (7 handlers)
[GIN-debug] GET    /autoCode/getColume       --> gin-vue-admin/api/v1.GetColume (7 handlers)
[GIN-debug] POST   /sysDictionaryDetail/createSysDictionaryDetail --> gin-vue-admin/api/v1.CreateSysDictionaryDetail (7 handlers)
[GIN-debug] DELETE /sysDictionaryDetail/deleteSysDictionaryDetail --> gin-vue-admin/api/v1.DeleteSysDictionaryDetail (7 handlers)
[GIN-debug] PUT    /sysDictionaryDetail/updateSysDictionaryDetail --> gin-vue-admin/api/v1.UpdateSysDictionaryDetail (7 handlers)
[GIN-debug] GET    /sysDictionaryDetail/findSysDictionaryDetail --> gin-vue-admin/api/v1.FindSysDictionaryDetail (7 handlers)
[GIN-debug] GET    /sysDictionaryDetail/getSysDictionaryDetailList --> gin-vue-admin/api/v1.GetSysDictionaryDetailList (7 handlers)
[GIN-debug] POST   /sysDictionary/createSysDictionary --> gin-vue-admin/api/v1.CreateSysDictionary (7 handlers)
[GIN-debug] DELETE /sysDictionary/deleteSysDictionary --> gin-vue-admin/api/v1.DeleteSysDictionary (7 handlers)
[GIN-debug] PUT    /sysDictionary/updateSysDictionary --> gin-vue-admin/api/v1.UpdateSysDictionary (7 handlers)
[GIN-debug] GET    /sysDictionary/findSysDictionary --> gin-vue-admin/api/v1.FindSysDictionary (7 handlers)
[GIN-debug] GET    /sysDictionary/getSysDictionaryList --> gin-vue-admin/api/v1.GetSysDictionaryList (7 handlers)
[GIN-debug] POST   /sysOperationRecord/createSysOperationRecord --> gin-vue-admin/api/v1.CreateSysOperationRecord (6 handlers)
[GIN-debug] DELETE /sysOperationRecord/deleteSysOperationRecord --> gin-vue-admin/api/v1.DeleteSysOperationRecord (6 handlers)
[GIN-debug] DELETE /sysOperationRecord/deleteSysOperationRecordByIds --> gin-vue-admin/api/v1.DeleteSysOperationRecordByIds (6 handlers)
[GIN-debug] PUT    /sysOperationRecord/updateSysOperationRecord --> gin-vue-admin/api/v1.UpdateSysOperationRecord (6 handlers)
[GIN-debug] GET    /sysOperationRecord/findSysOperationRecord --> gin-vue-admin/api/v1.FindSysOperationRecord (6 handlers)
[GIN-debug] GET    /sysOperationRecord/getSysOperationRecordList --> gin-vue-admin/api/v1.GetSysOperationRecordList (6 handlers)
[GIN-debug] POST   /article/articleList      --> gin-vue-admin/api/v1.ArticleList (4 handlers)
[GIN-VUE-ADMIN]2020/08/26 - 08:56:04.963 D:/code/github/blog/Kyara/server/initialize/router.go:43 ▶ [INFO] 路由注册成功!
[GIN-debug] GET    /form-generator/*filepath --> github.com/gin-gonic/gin.(*RouterGroup).createStaticHandler.func1 (4 handlers)
[GIN-debug] HEAD   /form-generator/*filepath --> github.com/gin-gonic/gin.(*RouterGroup).createStaticHandler.func1 (4 handlers)
[GIN-VUE-ADMIN]2020/08/26 - 08:56:04.965 D:/code/github/blog/Kyara/server/core/server.go:30 ▶ [DEBUG] server run success on  :3000
[GIN] 2020/08/26 - 08:56:17 | 200 |      1.9948ms |       127.0.0.1 | POST     "/article/articleList"
